2021-01-29 16:40:26,188 - DEBUG - linkedin - LinkedIn module created
2021-01-29 16:40:29,298 - DEBUG - linkedin - Search submitted with the following parameters: {'job': 'botanist', 'location': 'New York', 'country': 'US'}
2021-01-29 16:40:31,545 - DEBUG - linkedin - Request sent to https://linkedin.com/jobs/search?keywords=botanist&location=New York&sortBy=DD
2021-01-29 16:40:31,879 - DEBUG - linkedin - end of results
2021-01-29 16:40:32,248 - DEBUG - linkedin - Links found on the page: 3
2021-01-29 16:40:32,248 - DEBUG - linkedin - Titles found on the page: 3
2021-01-29 16:40:32,248 - DEBUG - linkedin - Dates found on the page: 3
2021-01-29 16:40:32,248 - DEBUG - linkedin - 3 jobs found
2021-01-29 16:40:32,248 - DEBUG - linkedin - Taille du dictionnaire : 1
2021-01-29 16:40:32,248 - DEBUG - linkedin - Search duration for LinkedIn: 2.949493885040283 secs
2021-01-29 16:40:32,248 - DEBUG - linkedin - Search completed with the following parameters: {'job': 'botanist', 'location': 'New York', 'country': 'US'}
2021-01-29 16:40:33,731 - INFO - linkedin - Shutting down Linkedin mining module
2021-01-29 16:42:24,253 - DEBUG - linkedin - LinkedIn module created
2021-01-29 16:42:24,253 - DEBUG - linkedin - LinkedIn module created
2021-01-29 16:42:27,210 - DEBUG - linkedin - Search submitted with the following parameters: {'job': 'botanist', 'location': 'New York', 'country': 'US'}
2021-01-29 16:42:27,210 - DEBUG - linkedin - Search submitted with the following parameters: {'job': 'botanist', 'location': 'New York', 'country': 'US'}
2021-01-29 16:42:29,561 - DEBUG - linkedin - Request sent to https://linkedin.com/jobs/search?keywords=botanist&location=New York&sortBy=DD
2021-01-29 16:42:29,561 - DEBUG - linkedin - Request sent to https://linkedin.com/jobs/search?keywords=botanist&location=New York&sortBy=DD
2021-01-29 16:42:29,626 - DEBUG - linkedin - end of results
2021-01-29 16:42:29,626 - DEBUG - linkedin - end of results
2021-01-29 16:42:29,885 - DEBUG - linkedin - Links found on the page: 3
2021-01-29 16:42:29,885 - DEBUG - linkedin - Links found on the page: 3
2021-01-29 16:42:29,885 - DEBUG - linkedin - Titles found on the page: 3
2021-01-29 16:42:29,885 - DEBUG - linkedin - Titles found on the page: 3
2021-01-29 16:42:29,885 - DEBUG - linkedin - Dates found on the page: 3
2021-01-29 16:42:29,885 - DEBUG - linkedin - Dates found on the page: 3
2021-01-29 16:42:29,886 - DEBUG - linkedin - 3 jobs found
2021-01-29 16:42:29,886 - DEBUG - linkedin - 3 jobs found
2021-01-29 16:42:29,886 - DEBUG - linkedin - Taille du dictionnaire : 1
2021-01-29 16:42:29,886 - DEBUG - linkedin - Taille du dictionnaire : 1
2021-01-29 16:42:29,891 - DEBUG - linkedin - Search duration for LinkedIn: 2.679936408996582 secs
2021-01-29 16:42:29,891 - DEBUG - linkedin - Search duration for LinkedIn: 2.679936408996582 secs
2021-01-29 16:42:29,892 - DEBUG - linkedin - Search completed with the following parameters: {'job': 'botanist', 'location': 'New York', 'country': 'US'}
2021-01-29 16:42:29,892 - DEBUG - linkedin - Search completed with the following parameters: {'job': 'botanist', 'location': 'New York', 'country': 'US'}
2021-01-29 16:42:31,645 - INFO - linkedin - Shutting down Linkedin mining module
2021-01-29 16:42:31,645 - INFO - linkedin - Shutting down Linkedin mining module
2021-05-03 14:02:43,719 - DEBUG - linkedin - Search submitted with the following parameters: {'job': 'cashier', 'location': 'Anchorage', 'country': 'US'}
2021-05-03 14:02:47,912 - DEBUG - linkedin - Request sent to https://linkedin.com/jobs/search?keywords=cashier&location=Anchorage&sortBy=DD
2021-05-03 14:02:52,520 - DEBUG - linkedin - Search completed with the following parameters: {'job': 'cashier', 'location': 'Anchorage', 'country': 'US'}
